**********************************************************************
* This is the complete Log of the GregTech OreDictionary Handler     *
**********************************************************************
GT_API: ======================
GT_API: PreInit-Phase started!
GT_API: PreInit-Phase finished!
GT_API: =======================
GT_API_POST: ======================
GT_API_POST: PreInit-Phase started!
GT_API_POST: PreInit-Phase finished!
GT_API_POST: =======================
GT_Mod: ======================
GT_Mod: PreInit-Phase started!
GT_Mod: PreInit-Phase finished!
GT_Mod: =======================
GT_API: ===================
GT_API: Init-Phase started!
GT_API: Init-Phase finished!
GT_API: ====================
GT_API_POST: ===================
GT_API_POST: Init-Phase started!
GT_API_POST: Init-Phase finished!
GT_API_POST: ====================
GT_Mod: ===================
GT_Mod: Init-Phase started!
GT_Mod: Init-Phase finished!
GT_Mod: ====================
GT_API: =======================
GT_API: PostInit-Phase started!
GT_API: PostInit-Phase finished!
GT_API: ========================
GT_API_POST: =======================
GT_API_POST: PostInit-Phase started!
GT_API_POST: PostInit-Phase finished!
GT_API_POST: ========================
GT_Mod: =======================
GT_Mod: PostInit-Phase started!
GT_Mod: PostInit-Phase finished!
GT_Mod: ========================
